
Message: 24.12.2024 00:36:48.798 26356 [build:148 date:2024-11-13 17:21:47 +0300] x64 libcurl/8.7.1 Schannel zlib/1.3.1 nghttp2/1.60.0
CPU=INTEL_RPL,FPU,TSC,CX8,CLFSH,MMX,AES,ERMS,F16C,FMA3,VAES,VPCLMULQDQ,BMI1,BMI2,RDSEED,CLFLUSHOPT,CLWB,SSE,SSE2,SSE3,SSSE3,SSE4_1,SSE4_2,AVX,AVX_VNNI,AVX2,PCLMULQDQ,CX16,SHA,POPCNT,MOVBE,RDRND,SS,ADX,LZCNT,GFNI,MOVDIRI,MOVDIR64B,FS_REP_MOV,FS_REP_STOSB
Phys: 31,82 GB/10,74 GB; PageFile: 36,57 GB/10,56 GB; Virtual: 128,00 TB/128,00 TB
  StartCommandLine: E:\win64\bstool.exe E:\BigBabyZack-main\BigBabyZack\ "-src=D:\Zack\Zack Demo\" -token=a681435c9f693c70adad148fd94c7c6a6edd9a084feee42d70eb5a89f770515c -configscheckonly -skipselfupdate -skipuseractionurl -versioninfo=1
  CurrentDirectory: E:\BigBabyZack-main\BigBabyZack
Message: 24.12.2024 00:36:48.801 26356 Free space E:\BigBabyZack-main\BigBabyZack\ 118,10 GB
Message: 24.12.2024 00:36:48.801 26356 Config (does not exist yet): E:\BigBabyZack-main\BigBabyZack\build.ini
Message: 24.12.2024 00:37:00.140 26356 Config: E:\BigBabyZack-main\BigBabyZack\build.ini
Message: 24.12.2024 00:37:00.140 26356 ServerUrl: http://adm-store.dl.mail.ru/admin.php; GameId: 0.2038580
Message: 24.12.2024 00:37:00.311 26356 [Warning] New empty project.xml is created.
Message: 24.12.2024 00:37:00.312 26356 Free space E:\BigBabyZack-main\BigBabyZack\ 118,10 GB
Message: 24.12.2024 00:37:00.312 26356 gc_id=0.2038580
Message: 24.12.2024 00:37:00.312 26356 Finish OK bstool.exe; Seconds: 12
Message: 24.12.2024 00:37:00.312 26356 ExitCode=0 OK


Message: 24.12.2024 00:37:04.909 4076 [build:148 date:2024-11-13 17:21:47 +0300] x64 libcurl/8.7.1 Schannel zlib/1.3.1 nghttp2/1.60.0
CPU=INTEL_RPL,FPU,TSC,CX8,CLFSH,MMX,AES,ERMS,F16C,FMA3,VAES,VPCLMULQDQ,BMI1,BMI2,RDSEED,CLFLUSHOPT,CLWB,SSE,SSE2,SSE3,SSSE3,SSE4_1,SSE4_2,AVX,AVX_VNNI,AVX2,PCLMULQDQ,CX16,SHA,POPCNT,MOVBE,RDRND,SS,ADX,LZCNT,GFNI,MOVDIRI,MOVDIR64B,FS_REP_MOV,FS_REP_STOSB
Phys: 31,82 GB/10,77 GB; PageFile: 36,57 GB/10,61 GB; Virtual: 128,00 TB/128,00 TB
  StartCommandLine: E:\win64\bstool.exe E:\BigBabyZack-main\BigBabyZack\ "-src=D:\Zack\Zack Demo\" -token=a681435c9f693c70adad148fd94c7c6a6edd9a084feee42d70eb5a89f770515c -skipselfupdate -skipuseractionurl -versioninfo=1
  CurrentDirectory: E:\BigBabyZack-main\BigBabyZack
Message: 24.12.2024 00:37:04.911 4076 Free space E:\BigBabyZack-main\BigBabyZack\ 118,10 GB
Message: 24.12.2024 00:37:04.911 4076 Config: E:\BigBabyZack-main\BigBabyZack\build.ini
